<?xml version="1.0" encoding="UTF-8"?>
<coverage generated="1773878449314" clover="3.2.0">
  <project timestamp="1773878449314" name="All files">
    <metrics statements="220" coveredstatements="197" conditionals="155" coveredconditionals="128" methods="28" coveredmethods="26" elements="403" coveredelements="351" complexity="0" loc="220" ncloc="220" packages="2" files="6" classes="6"/>
    <package name="grammar-style">
      <metrics statements="0" coveredstatements="0" conditionals="0" coveredconditionals="0" methods="0" coveredmethods="0"/>
      <file name="grammar.config.ts" path="/Users/tammyhart/Documents/projects/grammar-style/grammar.config.ts">
        <metrics statements="0" coveredstatements="0" conditionals="0" coveredconditionals="0" methods="0" coveredmethods="0"/>
      </file>
    </package>
    <package name="grammar-style.src">
      <metrics statements="220" coveredstatements="197" conditionals="155" coveredconditionals="128" methods="28" coveredmethods="26"/>
      <file name="config.ts" path="/Users/tammyhart/Documents/projects/grammar-style/src/config.ts">
        <metrics statements="14" coveredstatements="13" conditionals="7" coveredconditionals="6" methods="1" coveredmethods="1"/>
        <line num="4" count="0" type="stmt"/>
        <line num="7" count="3" type="stmt"/>
        <line num="9" count="3" type="stmt"/>
        <line num="17" count="3" type="stmt"/>
        <line num="18" count="7" type="stmt"/>
        <line num="19" count="7" type="stmt"/>
        <line num="21" count="7" type="stmt"/>
        <line num="26" count="1" type="cond" truecount="1" falsecount="1"/>
        <line num="27" count="7" type="stmt"/>
        <line num="30" count="6" type="stmt"/>
        <line num="31" count="6" type="cond" truecount="4" falsecount="0"/>
        <line num="32" count="1" type="stmt"/>
        <line num="33" count="1" type="stmt"/>
        <line num="38" count="1" type="stmt"/>
      </file>
      <file name="core.ts" path="/Users/tammyhart/Documents/projects/grammar-style/src/core.ts">
        <metrics statements="179" coveredstatements="163" conditionals="142" coveredconditionals="120" methods="23" coveredmethods="22"/>
        <line num="3" count="0" type="stmt"/>
        <line num="4" count="219" type="cond" truecount="3" falsecount="0"/>
        <line num="7" count="113" type="stmt"/>
        <line num="9" count="0" type="stmt"/>
        <line num="16" count="74" type="stmt"/>
        <line num="17" count="151" type="stmt"/>
        <line num="19" count="151" type="cond" truecount="2" falsecount="0"/>
        <line num="20" count="36" type="stmt"/>
        <line num="23" count="115" type="cond" truecount="4" falsecount="0"/>
        <line num="24" count="1" type="stmt"/>
        <line num="29" count="114" type="stmt"/>
        <line num="30" count="114" type="cond" truecount="4" falsecount="0"/>
        <line num="31" count="89" type="stmt"/>
        <line num="34" count="47" type="stmt"/>
        <line num="35" count="47" type="stmt"/>
        <line num="36" count="47" type="cond" truecount="2" falsecount="0"/>
        <line num="37" count="17" type="stmt"/>
        <line num="38" count="17" type="cond" truecount="3" falsecount="1"/>
        <line num="39" count="17" type="stmt"/>
        <line num="40" count="17" type="stmt"/>
        <line num="41" count="17" type="stmt"/>
        <line num="42" count="34" type="cond" truecount="3" falsecount="1"/>
        <line num="43" count="0" type="stmt"/>
        <line num="45" count="17" type="cond" truecount="1" falsecount="1"/>
        <line num="46" count="17" type="stmt"/>
        <line num="47" count="17" type="stmt"/>
        <line num="49" count="17" type="cond" truecount="2" falsecount="0"/>
        <line num="50" count="11" type="stmt"/>
        <line num="51" count="11" type="cond" truecount="2" falsecount="0"/>
        <line num="52" count="11" type="cond" truecount="2" falsecount="2"/>
        <line num="53" count="11" type="stmt"/>
        <line num="54" count="11" type="stmt"/>
        <line num="55" count="11" type="stmt"/>
        <line num="56" count="11" type="stmt"/>
        <line num="58" count="6" type="cond" truecount="4" falsecount="0"/>
        <line num="59" count="5" type="stmt"/>
        <line num="60" count="5" type="cond" truecount="1" falsecount="1"/>
        <line num="61" count="5" type="stmt"/>
        <line num="62" count="5" type="cond" truecount="1" falsecount="1"/>
        <line num="63" count="5" type="stmt"/>
        <line num="64" count="5" type="stmt"/>
        <line num="65" count="5" type="stmt"/>
        <line num="66" count="5" type="cond" truecount="1" falsecount="1"/>
        <line num="67" count="5" type="stmt"/>
        <line num="69" count="0" type="stmt"/>
        <line num="75" count="17" type="cond" truecount="2" falsecount="0"/>
        <line num="76" count="16" type="cond" truecount="1" falsecount="1"/>
        <line num="77" count="16" type="stmt"/>
        <line num="78" count="16" type="stmt"/>
        <line num="79" count="16" type="stmt"/>
        <line num="81" count="0" type="stmt"/>
        <line num="83" count="16" type="stmt"/>
        <line num="87" count="17" type="cond" truecount="2" falsecount="0"/>
        <line num="88" count="1" type="stmt"/>
        <line num="91" count="46" type="cond" truecount="2" falsecount="0"/>
        <line num="92" count="5" type="stmt"/>
        <line num="94" count="46" type="stmt"/>
        <line num="99" count="113" type="stmt"/>
        <line num="103" count="0" type="stmt"/>
        <line num="106" count="9" type="stmt"/>
        <line num="108" count="9" type="stmt"/>
        <line num="109" count="117" type="cond" truecount="2" falsecount="0"/>
        <line num="110" count="49" type="stmt"/>
        <line num="111" count="49" type="cond" truecount="2" falsecount="0"/>
        <line num="112" count="68" type="cond" truecount="1" falsecount="1"/>
        <line num="113" count="0" type="stmt"/>
        <line num="114" count="68" type="cond" truecount="2" falsecount="0"/>
        <line num="115" count="61" type="stmt"/>
        <line num="119" count="9" type="stmt"/>
        <line num="120" count="9" type="stmt"/>
        <line num="121" count="9" type="stmt"/>
        <line num="137" count="9" type="stmt"/>
        <line num="138" count="9" type="stmt"/>
        <line num="139" count="9" type="stmt"/>
        <line num="142" count="9" type="cond" truecount="3" falsecount="1"/>
        <line num="143" count="9" type="stmt"/>
        <line num="144" count="9" type="cond" truecount="2" falsecount="0"/>
        <line num="152" count="9" type="stmt"/>
        <line num="153" count="45" type="stmt"/>
        <line num="154" count="45" type="stmt"/>
        <line num="155" count="45" type="cond" truecount="2" falsecount="0"/>
        <line num="156" count="9" type="stmt"/>
        <line num="157" count="9" type="cond" truecount="1" falsecount="1"/>
        <line num="158" count="0" type="stmt"/>
        <line num="159" count="0" type="stmt"/>
        <line num="162" count="9" type="stmt"/>
        <line num="163" count="9" type="stmt"/>
        <line num="164" count="99" type="cond" truecount="1" falsecount="1"/>
        <line num="170" count="0" type="stmt"/>
        <line num="171" count="99" type="stmt"/>
        <line num="172" count="99" type="stmt"/>
        <line num="173" count="99" type="stmt"/>
        <line num="174" count="99" type="cond" truecount="3" falsecount="1"/>
        <line num="175" count="0" type="stmt"/>
        <line num="176" count="99" type="cond" truecount="1" falsecount="1"/>
        <line num="177" count="99" type="stmt"/>
        <line num="182" count="9" type="stmt"/>
        <line num="185" count="9" type="stmt"/>
        <line num="186" count="9" type="stmt"/>
        <line num="187" count="45" type="stmt"/>
        <line num="190" count="9" type="stmt"/>
        <line num="191" count="99" type="stmt"/>
        <line num="192" count="99" type="stmt"/>
        <line num="193" count="99" type="stmt"/>
        <line num="194" count="99" type="cond" truecount="2" falsecount="0"/>
        <line num="195" count="279" type="stmt"/>
        <line num="201" count="9" type="stmt"/>
        <line num="204" count="0" type="stmt"/>
        <line num="210" count="0" type="cond" truecount="1" falsecount="1"/>
        <line num="212" count="0" type="stmt"/>
        <line num="213" count="5" type="stmt"/>
        <line num="217" count="0" type="cond" truecount="2" falsecount="0"/>
        <line num="219" count="0" type="stmt"/>
        <line num="220" count="10" type="stmt"/>
        <line num="223" count="10" type="cond" truecount="1" falsecount="1"/>
        <line num="227" count="10" type="stmt"/>
        <line num="228" count="10" type="cond" truecount="2" falsecount="0"/>
        <line num="229" count="5" type="stmt"/>
        <line num="230" count="5" type="cond" truecount="1" falsecount="1"/>
        <line num="231" count="5" type="stmt"/>
        <line num="232" count="5" type="stmt"/>
        <line num="237" count="10" type="cond" truecount="2" falsecount="0"/>
        <line num="239" count="10" type="stmt"/>
        <line num="240" count="11" type="cond" truecount="4" falsecount="0"/>
        <line num="241" count="1" type="stmt"/>
        <line num="247" count="10" type="stmt"/>
        <line num="252" count="10" type="stmt"/>
        <line num="253" count="10" type="stmt"/>
        <line num="254" count="10" type="stmt"/>
        <line num="256" count="10" type="stmt"/>
        <line num="258" count="10" type="stmt"/>
        <line num="261" count="10" type="stmt"/>
        <line num="265" count="10" type="cond" truecount="4" falsecount="0"/>
        <line num="266" count="9" type="stmt"/>
        <line num="267" count="9" type="stmt"/>
        <line num="268" count="3030" type="cond" truecount="2" falsecount="0"/>
        <line num="269" count="50" type="stmt"/>
        <line num="272" count="9" type="stmt"/>
        <line num="275" count="9" type="stmt"/>
        <line num="276" count="9" type="cond" truecount="1" falsecount="1"/>
        <line num="277" count="9" type="stmt"/>
        <line num="280" count="9" type="stmt"/>
        <line num="283" count="9" type="stmt"/>
        <line num="284" count="9" type="cond" truecount="2" falsecount="0"/>
        <line num="285" count="5" type="stmt"/>
        <line num="286" count="5" type="stmt"/>
        <line num="291" count="7" type="stmt"/>
        <line num="292" count="7" type="cond" truecount="4" falsecount="0"/>
        <line num="293" count="6" type="stmt"/>
        <line num="294" count="16" type="stmt"/>
        <line num="295" count="16" type="cond" truecount="2" falsecount="0"/>
        <line num="296" count="15" type="stmt"/>
        <line num="299" count="15" type="cond" truecount="2" falsecount="0"/>
        <line num="300" count="5" type="stmt"/>
        <line num="301" count="5" type="cond" truecount="1" falsecount="1"/>
        <line num="306" count="5" type="stmt"/>
        <line num="307" count="5" type="stmt"/>
        <line num="309" count="5" type="stmt"/>
        <line num="310" count="5" type="stmt"/>
        <line num="312" count="5" type="cond" truecount="3" falsecount="1"/>
        <line num="313" count="5" type="stmt"/>
        <line num="314" count="5" type="stmt"/>
        <line num="315" count="5" type="stmt"/>
        <line num="320" count="10" type="cond" truecount="4" falsecount="0"/>
        <line num="321" count="5" type="stmt"/>
        <line num="324" count="5" type="cond" truecount="1" falsecount="1"/>
        <line num="325" count="5" type="stmt"/>
        <line num="329" count="15" type="cond" truecount="2" falsecount="0"/>
        <line num="331" count="15" type="stmt"/>
        <line num="339" count="30" type="cond" truecount="2" falsecount="0"/>
        <line num="342" count="1" type="stmt"/>
        <line num="350" count="7" type="stmt"/>
        <line num="351" count="7" type="stmt"/>
        <line num="352" count="16" type="stmt"/>
        <line num="354" count="7" type="stmt"/>
        <line num="355" count="7" type="stmt"/>
        <line num="356" count="7" type="stmt"/>
        <line num="357" count="7" type="stmt"/>
        <line num="359" count="7" type="stmt"/>
      </file>
      <file name="defaults.ts" path="/Users/tammyhart/Documents/projects/grammar-style/src/defaults.ts">
        <metrics statements="22" coveredstatements="16" conditionals="4" coveredconditionals="1" methods="2" coveredmethods="1"/>
        <line num="19" count="746" type="stmt"/>
        <line num="20" count="1" type="stmt"/>
        <line num="22" count="2" type="stmt"/>
        <line num="23" count="2" type="stmt"/>
        <line num="24" count="18" type="stmt"/>
        <line num="28" count="2" type="stmt"/>
        <line num="29" count="1492" type="stmt"/>
        <line num="32" count="2" type="stmt"/>
        <line num="35" count="1" type="stmt"/>
        <line num="37" count="1" type="stmt"/>
        <line num="53" count="5" type="stmt"/>
        <line num="54" count="0" type="stmt"/>
        <line num="56" count="0" type="stmt"/>
        <line num="57" count="0" type="cond" truecount="1" falsecount="1"/>
        <line num="58" count="10" type="stmt"/>
        <line num="59" count="0" type="cond" truecount="0" falsecount="2"/>
        <line num="60" count="0" type="stmt"/>
        <line num="61" count="0" type="stmt"/>
        <line num="65" count="2" type="stmt"/>
        <line num="68" count="1" type="stmt"/>
        <line num="73" count="1" type="stmt"/>
        <line num="76" count="1" type="stmt"/>
      </file>
      <file name="index.ts" path="/Users/tammyhart/Documents/projects/grammar-style/src/index.ts">
        <metrics statements="1" coveredstatements="1" conditionals="0" coveredconditionals="0" methods="1" coveredmethods="1"/>
        <line num="11" count="1" type="stmt"/>
      </file>
      <file name="token.ts" path="/Users/tammyhart/Documents/projects/grammar-style/src/token.ts">
        <metrics statements="4" coveredstatements="4" conditionals="2" coveredconditionals="1" methods="1" coveredmethods="1"/>
        <line num="3" count="1" type="stmt"/>
        <line num="4" count="1" type="cond" truecount="1" falsecount="1"/>
        <line num="7" count="5" type="stmt"/>
        <line num="9" count="5" type="stmt"/>
      </file>
    </package>
  </project>
</coverage>
