{"/Users/tammyhart/Documents/projects/grammar-style/grammar.config.ts": {"path":"/Users/tammyhart/Documents/projects/grammar-style/grammar.config.ts","statementMap":{},"fnMap":{},"branchMap":{},"s":{},"f":{},"b":{},"meta":{"lastBranch":0,"lastFunction":0,"lastStatement":0,"seen":{}}}
,"/Users/tammyhart/Documents/projects/grammar-style/src/config.ts": {"path":"/Users/tammyhart/Documents/projects/grammar-style/src/config.ts","statementMap":{"0":{"start":{"line":4,"column":26},"end":{"line":38,"column":null}},"1":{"start":{"line":7,"column":8},"end":{"line":7,"column":30}},"2":{"start":{"line":9,"column":22},"end":{"line":15,"column":null}},"3":{"start":{"line":17,"column":2},"end":{"line":33,"column":null}},"4":{"start":{"line":18,"column":10},"end":{"line":18,"column":39}},"5":{"start":{"line":19,"column":4},"end":{"line":33,"column":null}},"6":{"start":{"line":21,"column":28},"end":{"line":21,"column":74}},"7":{"start":{"line":26,"column":8},"end":{"line":26,"column":null}},"8":{"start":{"line":27,"column":6},"end":{"line":27,"column":null}},"9":{"start":{"line":30,"column":18},"end":{"line":30,"column":null}},"10":{"start":{"line":31,"column":6},"end":{"line":33,"column":null}},"11":{"start":{"line":32,"column":8},"end":{"line":32,"column":null}},"12":{"start":{"line":33,"column":8},"end":{"line":33,"column":null}},"13":{"start":{"line":38,"column":2},"end":{"line":38,"column":null}}},"fnMap":{"0":{"name":"(anonymous_0)","decl":{"start":{"line":4,"column":26},"end":{"line":4,"column":null}},"loc":{"start":{"line":6,"column":84},"end":{"line":38,"column":null}},"line":6}},"branchMap":{"0":{"loc":{"start":{"line":5,"column":2},"end":{"line":5,"column":29}},"type":"default-arg","locations":[{"start":{"line":5,"column":16},"end":{"line":5,"column":29}}],"line":5},"1":{"loc":{"start":{"line":26,"column":8},"end":{"line":26,"column":null}},"type":"cond-expr","locations":[{"start":{"line":26,"column":36},"end":{"line":26,"column":59}},{"start":{"line":26,"column":59},"end":{"line":26,"column":null}}],"line":26},"2":{"loc":{"start":{"line":31,"column":6},"end":{"line":33,"column":null}},"type":"if","locations":[{"start":{"line":31,"column":6},"end":{"line":33,"column":null}},{"start":{},"end":{}}],"line":31},"3":{"loc":{"start":{"line":31,"column":10},"end":{"line":31,"column":82}},"type":"binary-expr","locations":[{"start":{"line":31,"column":10},"end":{"line":31,"column":45}},{"start":{"line":31,"column":45},"end":{"line":31,"column":82}}],"line":31}},"s":{"0":0,"1":3,"2":3,"3":3,"4":7,"5":7,"6":7,"7":1,"8":7,"9":6,"10":6,"11":1,"12":1,"13":1},"f":{"0":3},"b":{"0":[3],"1":[0,1],"2":[1,5],"3":[6,1]},"meta":{"lastBranch":4,"lastFunction":1,"lastStatement":14,"seen":{"s:4:26:38:Infinity":0,"f:4:26:4:Infinity":0,"b:5:16:5:29":0,"s:7:8:7:30":1,"s:9:22:15:Infinity":2,"s:17:2:33:Infinity":3,"s:18:10:18:39":4,"s:19:4:33:Infinity":5,"s:21:28:21:74":6,"s:26:8:26:Infinity":7,"b:26:36:26:59:26:59:26:Infinity":1,"s:27:6:27:Infinity":8,"s:30:18:30:Infinity":9,"b:31:6:33:Infinity:undefined:undefined:undefined:undefined":2,"s:31:6:33:Infinity":10,"b:31:10:31:45:31:45:31:82":3,"s:32:8:32:Infinity":11,"s:33:8:33:Infinity":12,"s:38:2:38:Infinity":13}}}
,"/Users/tammyhart/Documents/projects/grammar-style/src/core.ts": {"path":"/Users/tammyhart/Documents/projects/grammar-style/src/core.ts","statementMap":{"0":{"start":{"line":3,"column":6},"end":{"line":4,"column":null}},"1":{"start":{"line":4,"column":2},"end":{"line":4,"column":null}},"2":{"start":{"line":7,"column":6},"end":{"line":7,"column":null}},"3":{"start":{"line":7,"column":37},"end":{"line":7,"column":null}},"4":{"start":{"line":9,"column":6},"end":{"line":100,"column":null}},"5":{"start":{"line":16,"column":2},"end":{"line":100,"column":null}},"6":{"start":{"line":17,"column":20},"end":{"line":17,"column":36}},"7":{"start":{"line":19,"column":4},"end":{"line":20,"column":null}},"8":{"start":{"line":20,"column":6},"end":{"line":20,"column":null}},"9":{"start":{"line":23,"column":4},"end":{"line":26,"column":null}},"10":{"start":{"line":24,"column":6},"end":{"line":26,"column":null}},"11":{"start":{"line":29,"column":21},"end":{"line":29,"column":null}},"12":{"start":{"line":30,"column":4},"end":{"line":96,"column":null}},"13":{"start":{"line":31,"column":6},"end":{"line":96,"column":null}},"14":{"start":{"line":34,"column":25},"end":{"line":34,"column":null}},"15":{"start":{"line":35,"column":23},"end":{"line":35,"column":null}},"16":{"start":{"line":36,"column":10},"end":{"line":88,"column":null}},"17":{"start":{"line":37,"column":31},"end":{"line":37,"column":null}},"18":{"start":{"line":38,"column":12},"end":{"line":83,"column":null}},"19":{"start":{"line":39,"column":28},"end":{"line":39,"column":50}},"20":{"start":{"line":40,"column":33},"end":{"line":40,"column":null}},"21":{"start":{"line":41,"column":14},"end":{"line":43,"column":null}},"22":{"start":{"line":42,"column":16},"end":{"line":43,"column":null}},"23":{"start":{"line":42,"column":60},"end":{"line":42,"column":null}},"24":{"start":{"line":43,"column":23},"end":{"line":43,"column":44}},"25":{"start":{"line":43,"column":44},"end":{"line":43,"column":null}},"26":{"start":{"line":45,"column":14},"end":{"line":83,"column":null}},"27":{"start":{"line":46,"column":26},"end":{"line":46,"column":null}},"28":{"start":{"line":47,"column":53},"end":{"line":47,"column":null}},"29":{"start":{"line":49,"column":16},"end":{"line":69,"column":null}},"30":{"start":{"line":50,"column":28},"end":{"line":50,"column":48}},"31":{"start":{"line":51,"column":18},"end":{"line":51,"column":null}},"32":{"start":{"line":51,"column":40},"end":{"line":51,"column":null}},"33":{"start":{"line":51,"column":69},"end":{"line":51,"column":75}},"34":{"start":{"line":52,"column":18},"end":{"line":56,"column":null}},"35":{"start":{"line":53,"column":30},"end":{"line":53,"column":59}},"36":{"start":{"line":54,"column":30},"end":{"line":54,"column":59}},"37":{"start":{"line":55,"column":30},"end":{"line":55,"column":59}},"38":{"start":{"line":56,"column":20},"end":{"line":56,"column":null}},"39":{"start":{"line":58,"column":27},"end":{"line":69,"column":null}},"40":{"start":{"line":59,"column":32},"end":{"line":59,"column":null}},"41":{"start":{"line":60,"column":18},"end":{"line":69,"column":null}},"42":{"start":{"line":61,"column":34},"end":{"line":61,"column":71}},"43":{"start":{"line":62,"column":20},"end":{"line":69,"column":null}},"44":{"start":{"line":63,"column":34},"end":{"line":63,"column":null}},"45":{"start":{"line":64,"column":34},"end":{"line":64,"column":null}},"46":{"start":{"line":65,"column":34},"end":{"line":65,"column":null}},"47":{"start":{"line":66,"column":23},"end":{"line":69,"column":null}},"48":{"start":{"line":67,"column":25},"end":{"line":67,"column":null}},"49":{"start":{"line":69,"column":25},"end":{"line":69,"column":null}},"50":{"start":{"line":75,"column":16},"end":{"line":83,"column":null}},"51":{"start":{"line":76,"column":18},"end":{"line":81,"column":null}},"52":{"start":{"line":77,"column":42},"end":{"line":77,"column":null}},"53":{"start":{"line":78,"column":20},"end":{"line":78,"column":null}},"54":{"start":{"line":79,"column":20},"end":{"line":79,"column":null}},"55":{"start":{"line":81,"column":20},"end":{"line":81,"column":null}},"56":{"start":{"line":83,"column":18},"end":{"line":83,"column":null}},"57":{"start":{"line":87,"column":12},"end":{"line":88,"column":null}},"58":{"start":{"line":88,"column":14},"end":{"line":88,"column":null}},"59":{"start":{"line":91,"column":10},"end":{"line":92,"column":null}},"60":{"start":{"line":92,"column":12},"end":{"line":92,"column":null}},"61":{"start":{"line":94,"column":10},"end":{"line":94,"column":null}},"62":{"start":{"line":99,"column":4},"end":{"line":99,"column":null}},"63":{"start":{"line":103,"column":6},"end":{"line":201,"column":null}},"64":{"start":{"line":106,"column":15},"end":{"line":106,"column":32}},"65":{"start":{"line":108,"column":8},"end":{"line":115,"column":null}},"66":{"start":{"line":109,"column":4},"end":{"line":115,"column":null}},"67":{"start":{"line":110,"column":20},"end":{"line":110,"column":58}},"68":{"start":{"line":111,"column":6},"end":{"line":111,"column":null}},"69":{"start":{"line":111,"column":17},"end":{"line":111,"column":null}},"70":{"start":{"line":111,"column":36},"end":{"line":111,"column":68}},"71":{"start":{"line":112,"column":15},"end":{"line":115,"column":null}},"72":{"start":{"line":113,"column":6},"end":{"line":113,"column":null}},"73":{"start":{"line":114,"column":15},"end":{"line":115,"column":null}},"74":{"start":{"line":115,"column":6},"end":{"line":115,"column":null}},"75":{"start":{"line":119,"column":2},"end":{"line":119,"column":null}},"76":{"start":{"line":120,"column":2},"end":{"line":120,"column":null}},"77":{"start":{"line":121,"column":2},"end":{"line":121,"column":null}},"78":{"start":{"line":137,"column":2},"end":{"line":140,"column":null}},"79":{"start":{"line":138,"column":4},"end":{"line":138,"column":null}},"80":{"start":{"line":139,"column":4},"end":{"line":139,"column":null}},"81":{"start":{"line":142,"column":2},"end":{"line":198,"column":null}},"82":{"start":{"line":143,"column":16},"end":{"line":143,"column":29}},"83":{"start":{"line":144,"column":25},"end":{"line":150,"column":null}},"84":{"start":{"line":152,"column":10},"end":{"line":182,"column":null}},"85":{"start":{"line":153,"column":30},"end":{"line":153,"column":32}},"86":{"start":{"line":154,"column":6},"end":{"line":181,"column":null}},"87":{"start":{"line":155,"column":8},"end":{"line":155,"column":null}},"88":{"start":{"line":155,"column":33},"end":{"line":155,"column":null}},"89":{"start":{"line":156,"column":21},"end":{"line":156,"column":37}},"90":{"start":{"line":157,"column":8},"end":{"line":159,"column":null}},"91":{"start":{"line":158,"column":10},"end":{"line":158,"column":null}},"92":{"start":{"line":159,"column":10},"end":{"line":159,"column":null}},"93":{"start":{"line":162,"column":21},"end":{"line":162,"column":40}},"94":{"start":{"line":163,"column":8},"end":{"line":180,"column":null}},"95":{"start":{"line":164,"column":10},"end":{"line":170,"column":null}},"96":{"start":{"line":170,"column":12},"end":{"line":170,"column":null}},"97":{"start":{"line":171,"column":27},"end":{"line":171,"column":47}},"98":{"start":{"line":172,"column":10},"end":{"line":179,"column":null}},"99":{"start":{"line":173,"column":25},"end":{"line":173,"column":46}},"100":{"start":{"line":174,"column":12},"end":{"line":177,"column":null}},"101":{"start":{"line":175,"column":14},"end":{"line":175,"column":null}},"102":{"start":{"line":176,"column":23},"end":{"line":177,"column":null}},"103":{"start":{"line":177,"column":14},"end":{"line":177,"column":null}},"104":{"start":{"line":182,"column":6},"end":{"line":182,"column":null}},"105":{"start":{"line":185,"column":34},"end":{"line":185,"column":36}},"106":{"start":{"line":186,"column":4},"end":{"line":188,"column":null}},"107":{"start":{"line":187,"column":6},"end":{"line":187,"column":null}},"108":{"start":{"line":190,"column":4},"end":{"line":198,"column":null}},"109":{"start":{"line":191,"column":6},"end":{"line":197,"column":null}},"110":{"start":{"line":192,"column":24},"end":{"line":192,"column":53}},"111":{"start":{"line":193,"column":24},"end":{"line":193,"column":64}},"112":{"start":{"line":194,"column":8},"end":{"line":195,"column":null}},"113":{"start":{"line":195,"column":10},"end":{"line":195,"column":null}},"114":{"start":{"line":195,"column":41},"end":{"line":195,"column":73}},"115":{"start":{"line":201,"column":2},"end":{"line":201,"column":null}},"116":{"start":{"line":204,"column":13},"end":{"line":363,"column":null}},"117":{"start":{"line":210,"column":29},"end":{"line":210,"column":62}},"118":{"start":{"line":212,"column":34},"end":{"line":213,"column":null}},"119":{"start":{"line":213,"column":11},"end":{"line":213,"column":null}},"120":{"start":{"line":217,"column":4},"end":{"line":217,"column":60}},"121":{"start":{"line":219,"column":2},"end":{"line":235,"column":null}},"122":{"start":{"line":220,"column":4},"end":{"line":220,"column":null}},"123":{"start":{"line":223,"column":4},"end":{"line":232,"column":null}},"124":{"start":{"line":227,"column":21},"end":{"line":227,"column":null}},"125":{"start":{"line":228,"column":6},"end":{"line":232,"column":null}},"126":{"start":{"line":229,"column":8},"end":{"line":229,"column":null}},"127":{"start":{"line":230,"column":17},"end":{"line":232,"column":null}},"128":{"start":{"line":231,"column":20},"end":{"line":231,"column":38}},"129":{"start":{"line":232,"column":8},"end":{"line":232,"column":null}},"130":{"start":{"line":237,"column":27},"end":{"line":237,"column":58}},"131":{"start":{"line":239,"column":2},"end":{"line":245,"column":null}},"132":{"start":{"line":240,"column":4},"end":{"line":243,"column":null}},"133":{"start":{"line":241,"column":6},"end":{"line":243,"column":null}},"134":{"start":{"line":247,"column":21},"end":{"line":250,"column":null}},"135":{"start":{"line":252,"column":20},"end":{"line":252,"column":null}},"136":{"start":{"line":253,"column":16},"end":{"line":253,"column":null}},"137":{"start":{"line":254,"column":21},"end":{"line":254,"column":null}},"138":{"start":{"line":256,"column":53},"end":{"line":256,"column":55}},"139":{"start":{"line":258,"column":20},"end":{"line":259,"column":null}},"140":{"start":{"line":261,"column":27},"end":{"line":261,"column":44}},"141":{"start":{"line":265,"column":2},"end":{"line":272,"column":null}},"142":{"start":{"line":266,"column":50},"end":{"line":266,"column":52}},"143":{"start":{"line":267,"column":4},"end":{"line":271,"column":null}},"144":{"start":{"line":268,"column":6},"end":{"line":269,"column":null}},"145":{"start":{"line":269,"column":8},"end":{"line":269,"column":null}},"146":{"start":{"line":272,"column":4},"end":{"line":272,"column":null}},"147":{"start":{"line":275,"column":20},"end":{"line":275,"column":null}},"148":{"start":{"line":276,"column":2},"end":{"line":277,"column":null}},"149":{"start":{"line":277,"column":4},"end":{"line":277,"column":null}},"150":{"start":{"line":280,"column":2},"end":{"line":280,"column":null}},"151":{"start":{"line":283,"column":21},"end":{"line":283,"column":null}},"152":{"start":{"line":284,"column":2},"end":{"line":287,"column":null}},"153":{"start":{"line":285,"column":4},"end":{"line":287,"column":null}},"154":{"start":{"line":286,"column":6},"end":{"line":286,"column":null}},"155":{"start":{"line":291,"column":26},"end":{"line":291,"column":null}},"156":{"start":{"line":292,"column":2},"end":{"line":346,"column":null}},"157":{"start":{"line":293,"column":4},"end":{"line":346,"column":null}},"158":{"start":{"line":294,"column":20},"end":{"line":294,"column":null}},"159":{"start":{"line":295,"column":6},"end":{"line":344,"column":null}},"160":{"start":{"line":296,"column":25},"end":{"line":296,"column":null}},"161":{"start":{"line":299,"column":8},"end":{"line":325,"column":null}},"162":{"start":{"line":300,"column":32},"end":{"line":300,"column":55}},"163":{"start":{"line":301,"column":10},"end":{"line":315,"column":null}},"164":{"start":{"line":306,"column":25},"end":{"line":306,"column":null}},"165":{"start":{"line":307,"column":25},"end":{"line":307,"column":null}},"166":{"start":{"line":309,"column":25},"end":{"line":309,"column":null}},"167":{"start":{"line":310,"column":25},"end":{"line":310,"column":null}},"168":{"start":{"line":312,"column":12},"end":{"line":315,"column":null}},"169":{"start":{"line":313,"column":27},"end":{"line":313,"column":43}},"170":{"start":{"line":314,"column":27},"end":{"line":314,"column":43}},"171":{"start":{"line":315,"column":14},"end":{"line":315,"column":null}},"172":{"start":{"line":320,"column":17},"end":{"line":325,"column":null}},"173":{"start":{"line":321,"column":26},"end":{"line":323,"column":null}},"174":{"start":{"line":324,"column":10},"end":{"line":325,"column":null}},"175":{"start":{"line":325,"column":12},"end":{"line":325,"column":null}},"176":{"start":{"line":329,"column":26},"end":{"line":329,"column":null}},"177":{"start":{"line":331,"column":8},"end":{"line":340,"column":null}},"178":{"start":{"line":339,"column":21},"end":{"line":339,"column":42}},"179":{"start":{"line":342,"column":8},"end":{"line":344,"column":null}},"180":{"start":{"line":350,"column":16},"end":{"line":350,"column":null}},"181":{"start":{"line":351,"column":2},"end":{"line":353,"column":null}},"182":{"start":{"line":352,"column":4},"end":{"line":352,"column":null}},"183":{"start":{"line":354,"column":2},"end":{"line":354,"column":null}},"184":{"start":{"line":355,"column":2},"end":{"line":355,"column":null}},"185":{"start":{"line":356,"column":2},"end":{"line":356,"column":null}},"186":{"start":{"line":357,"column":2},"end":{"line":357,"column":null}},"187":{"start":{"line":359,"column":2},"end":{"line":363,"column":null}}},"fnMap":{"0":{"name":"(anonymous_0)","decl":{"start":{"line":3,"column":6},"end":{"line":3,"column":18}},"loc":{"start":{"line":3,"column":69},"end":{"line":4,"column":null}},"line":3},"1":{"name":"(anonymous_1)","decl":{"start":{"line":7,"column":6},"end":{"line":7,"column":18}},"loc":{"start":{"line":7,"column":37},"end":{"line":7,"column":null}},"line":7},"2":{"name":"(anonymous_2)","decl":{"start":{"line":9,"column":6},"end":{"line":9,"column":null}},"loc":{"start":{"line":15,"column":13},"end":{"line":100,"column":null}},"line":15},"3":{"name":"(anonymous_3)","decl":{"start":{"line":16,"column":29},"end":{"line":16,"column":37}},"loc":{"start":{"line":16,"column":59},"end":{"line":100,"column":8}},"line":16},"4":{"name":"(anonymous_4)","decl":{"start":{"line":32,"column":8},"end":{"line":32,"column":null}},"loc":{"start":{"line":33,"column":70},"end":{"line":96,"column":null}},"line":33},"5":{"name":"(anonymous_5)","decl":{"start":{"line":51,"column":60},"end":{"line":51,"column":64}},"loc":{"start":{"line":51,"column":69},"end":{"line":51,"column":75}},"line":51},"6":{"name":"(anonymous_6)","decl":{"start":{"line":103,"column":6},"end":{"line":103,"column":null}},"loc":{"start":{"line":105,"column":18},"end":{"line":201,"column":null}},"line":105},"7":{"name":"(anonymous_7)","decl":{"start":{"line":108,"column":8},"end":{"line":108,"column":19}},"loc":{"start":{"line":108,"column":36},"end":{"line":115,"column":null}},"line":108},"8":{"name":"(anonymous_8)","decl":{"start":{"line":111,"column":23},"end":{"line":111,"column":31}},"loc":{"start":{"line":111,"column":36},"end":{"line":111,"column":68}},"line":111},"9":{"name":"(anonymous_9)","decl":{"start":{"line":152,"column":10},"end":{"line":152,"column":22}},"loc":{"start":{"line":152,"column":48},"end":{"line":182,"column":null}},"line":152},"10":{"name":"(anonymous_10)","decl":{"start":{"line":163,"column":13},"end":{"line":163,"column":22}},"loc":{"start":{"line":163,"column":39},"end":{"line":180,"column":null}},"line":163},"11":{"name":"(anonymous_11)","decl":{"start":{"line":186,"column":17},"end":{"line":186,"column":26}},"loc":{"start":{"line":186,"column":40},"end":{"line":188,"column":null}},"line":186},"12":{"name":"(anonymous_12)","decl":{"start":{"line":190,"column":16},"end":{"line":190,"column":24}},"loc":{"start":{"line":190,"column":32},"end":{"line":198,"column":null}},"line":190},"13":{"name":"(anonymous_13)","decl":{"start":{"line":195,"column":18},"end":{"line":195,"column":27}},"loc":{"start":{"line":195,"column":41},"end":{"line":195,"column":73}},"line":195},"14":{"name":"(anonymous_14)","decl":{"start":{"line":204,"column":13},"end":{"line":204,"column":null}},"loc":{"start":{"line":209,"column":5},"end":{"line":363,"column":null}},"line":209},"15":{"name":"(anonymous_15)","decl":{"start":{"line":212,"column":66},"end":{"line":212,"column":null}},"loc":{"start":{"line":213,"column":11},"end":{"line":213,"column":null}},"line":213},"16":{"name":"(anonymous_16)","decl":{"start":{"line":219,"column":37},"end":{"line":219,"column":46}},"loc":{"start":{"line":219,"column":63},"end":{"line":235,"column":null}},"line":219},"17":{"name":"(anonymous_17)","decl":{"start":{"line":239,"column":19},"end":{"line":239,"column":28}},"loc":{"start":{"line":239,"column":44},"end":{"line":245,"column":null}},"line":239},"18":{"name":"(anonymous_18)","decl":{"start":{"line":267,"column":42},"end":{"line":267,"column":51}},"loc":{"start":{"line":267,"column":68},"end":{"line":271,"column":null}},"line":267},"19":{"name":"(anonymous_19)","decl":{"start":{"line":285,"column":26},"end":{"line":285,"column":35}},"loc":{"start":{"line":285,"column":62},"end":{"line":287,"column":null}},"line":285},"20":{"name":"(anonymous_20)","decl":{"start":{"line":293,"column":31},"end":{"line":293,"column":40}},"loc":{"start":{"line":293,"column":63},"end":{"line":346,"column":null}},"line":293},"21":{"name":"(anonymous_21)","decl":{"start":{"line":339,"column":11},"end":{"line":339,"column":15}},"loc":{"start":{"line":339,"column":21},"end":{"line":339,"column":42}},"line":339},"22":{"name":"(anonymous_22)","decl":{"start":{"line":351,"column":37},"end":{"line":351,"column":46}},"loc":{"start":{"line":351,"column":65},"end":{"line":353,"column":null}},"line":351}},"branchMap":{"0":{"loc":{"start":{"line":4,"column":9},"end":{"line":4,"column":67}},"type":"binary-expr","locations":[{"start":{"line":4,"column":9},"end":{"line":4,"column":19}},{"start":{"line":4,"column":19},"end":{"line":4,"column":47}},{"start":{"line":4,"column":47},"end":{"line":4,"column":67}}],"line":4},"1":{"loc":{"start":{"line":11,"column":2},"end":{"line":11,"column":23}},"type":"default-arg","locations":[{"start":{"line":11,"column":21},"end":{"line":11,"column":23}}],"line":11},"2":{"loc":{"start":{"line":12,"column":2},"end":{"line":12,"column":null}},"type":"default-arg","locations":[{"start":{"line":12,"column":16},"end":{"line":12,"column":null}}],"line":12},"3":{"loc":{"start":{"line":19,"column":4},"end":{"line":20,"column":null}},"type":"if","locations":[{"start":{"line":19,"column":4},"end":{"line":20,"column":null}},{"start":{},"end":{}}],"line":19},"4":{"loc":{"start":{"line":23,"column":4},"end":{"line":26,"column":null}},"type":"if","locations":[{"start":{"line":23,"column":4},"end":{"line":26,"column":null}},{"start":{},"end":{}}],"line":23},"5":{"loc":{"start":{"line":23,"column":8},"end":{"line":23,"column":57}},"type":"binary-expr","locations":[{"start":{"line":23,"column":8},"end":{"line":23,"column":37}},{"start":{"line":23,"column":37},"end":{"line":23,"column":57}}],"line":23},"6":{"loc":{"start":{"line":30,"column":4},"end":{"line":96,"column":null}},"type":"if","locations":[{"start":{"line":30,"column":4},"end":{"line":96,"column":null}},{"start":{},"end":{}}],"line":30},"7":{"loc":{"start":{"line":30,"column":8},"end":{"line":30,"column":56}},"type":"binary-expr","locations":[{"start":{"line":30,"column":8},"end":{"line":30,"column":37}},{"start":{"line":30,"column":37},"end":{"line":30,"column":56}}],"line":30},"8":{"loc":{"start":{"line":36,"column":10},"end":{"line":88,"column":null}},"type":"if","locations":[{"start":{"line":36,"column":10},"end":{"line":88,"column":null}},{"start":{},"end":{}}],"line":36},"9":{"loc":{"start":{"line":38,"column":12},"end":{"line":83,"column":null}},"type":"if","locations":[{"start":{"line":38,"column":12},"end":{"line":83,"column":null}},{"start":{},"end":{}}],"line":38},"10":{"loc":{"start":{"line":38,"column":16},"end":{"line":38,"column":44}},"type":"binary-expr","locations":[{"start":{"line":38,"column":16},"end":{"line":38,"column":30}},{"start":{"line":38,"column":30},"end":{"line":38,"column":44}}],"line":38},"11":{"loc":{"start":{"line":42,"column":16},"end":{"line":43,"column":null}},"type":"if","locations":[{"start":{"line":42,"column":16},"end":{"line":43,"column":null}},{"start":{"line":43,"column":21},"end":{"line":43,"column":null}}],"line":42},"12":{"loc":{"start":{"line":42,"column":20},"end":{"line":42,"column":60}},"type":"binary-expr","locations":[{"start":{"line":42,"column":20},"end":{"line":42,"column":31}},{"start":{"line":42,"column":31},"end":{"line":42,"column":60}}],"line":42},"13":{"loc":{"start":{"line":45,"column":14},"end":{"line":83,"column":null}},"type":"if","locations":[{"start":{"line":45,"column":14},"end":{"line":83,"column":null}},{"start":{},"end":{}}],"line":45},"14":{"loc":{"start":{"line":49,"column":16},"end":{"line":69,"column":null}},"type":"if","locations":[{"start":{"line":49,"column":16},"end":{"line":69,"column":null}},{"start":{"line":58,"column":27},"end":{"line":69,"column":null}}],"line":49},"15":{"loc":{"start":{"line":51,"column":18},"end":{"line":51,"column":null}},"type":"if","locations":[{"start":{"line":51,"column":18},"end":{"line":51,"column":null}},{"start":{},"end":{}}],"line":51},"16":{"loc":{"start":{"line":52,"column":18},"end":{"line":56,"column":null}},"type":"if","locations":[{"start":{"line":52,"column":18},"end":{"line":56,"column":null}},{"start":{},"end":{}}],"line":52},"17":{"loc":{"start":{"line":52,"column":22},"end":{"line":52,"column":60}},"type":"binary-expr","locations":[{"start":{"line":52,"column":22},"end":{"line":52,"column":42}},{"start":{"line":52,"column":42},"end":{"line":52,"column":60}}],"line":52},"18":{"loc":{"start":{"line":58,"column":27},"end":{"line":69,"column":null}},"type":"if","locations":[{"start":{"line":58,"column":27},"end":{"line":69,"column":null}},{"start":{},"end":{}}],"line":58},"19":{"loc":{"start":{"line":58,"column":27},"end":{"line":58,"column":81}},"type":"binary-expr","locations":[{"start":{"line":58,"column":27},"end":{"line":58,"column":52}},{"start":{"line":58,"column":56},"end":{"line":58,"column":81}}],"line":58},"20":{"loc":{"start":{"line":60,"column":18},"end":{"line":69,"column":null}},"type":"if","locations":[{"start":{"line":60,"column":18},"end":{"line":69,"column":null}},{"start":{},"end":{}}],"line":60},"21":{"loc":{"start":{"line":62,"column":20},"end":{"line":69,"column":null}},"type":"if","locations":[{"start":{"line":62,"column":20},"end":{"line":69,"column":null}},{"start":{},"end":{}}],"line":62},"22":{"loc":{"start":{"line":66,"column":23},"end":{"line":69,"column":null}},"type":"if","locations":[{"start":{"line":66,"column":23},"end":{"line":69,"column":null}},{"start":{"line":68,"column":30},"end":{"line":69,"column":null}}],"line":66},"23":{"loc":{"start":{"line":75,"column":16},"end":{"line":83,"column":null}},"type":"if","locations":[{"start":{"line":75,"column":16},"end":{"line":83,"column":null}},{"start":{},"end":{}}],"line":75},"24":{"loc":{"start":{"line":76,"column":18},"end":{"line":81,"column":null}},"type":"if","locations":[{"start":{"line":76,"column":18},"end":{"line":81,"column":null}},{"start":{"line":80,"column":25},"end":{"line":81,"column":null}}],"line":76},"25":{"loc":{"start":{"line":87,"column":12},"end":{"line":88,"column":null}},"type":"if","locations":[{"start":{"line":87,"column":12},"end":{"line":88,"column":null}},{"start":{},"end":{}}],"line":87},"26":{"loc":{"start":{"line":91,"column":10},"end":{"line":92,"column":null}},"type":"if","locations":[{"start":{"line":91,"column":10},"end":{"line":92,"column":null}},{"start":{},"end":{}}],"line":91},"27":{"loc":{"start":{"line":109,"column":4},"end":{"line":115,"column":null}},"type":"if","locations":[{"start":{"line":109,"column":4},"end":{"line":115,"column":null}},{"start":{"line":112,"column":15},"end":{"line":115,"column":null}}],"line":109},"28":{"loc":{"start":{"line":111,"column":6},"end":{"line":111,"column":null}},"type":"if","locations":[{"start":{"line":111,"column":6},"end":{"line":111,"column":null}},{"start":{},"end":{}}],"line":111},"29":{"loc":{"start":{"line":112,"column":15},"end":{"line":115,"column":null}},"type":"if","locations":[{"start":{"line":112,"column":15},"end":{"line":115,"column":null}},{"start":{"line":114,"column":15},"end":{"line":115,"column":null}}],"line":112},"30":{"loc":{"start":{"line":114,"column":15},"end":{"line":115,"column":null}},"type":"if","locations":[{"start":{"line":114,"column":15},"end":{"line":115,"column":null}},{"start":{},"end":{}}],"line":114},"31":{"loc":{"start":{"line":142,"column":2},"end":{"line":198,"column":null}},"type":"if","locations":[{"start":{"line":142,"column":2},"end":{"line":198,"column":null}},{"start":{},"end":{}}],"line":142},"32":{"loc":{"start":{"line":142,"column":6},"end":{"line":142,"column":18}},"type":"binary-expr","locations":[{"start":{"line":142,"column":6},"end":{"line":142,"column":12}},{"start":{"line":142,"column":12},"end":{"line":142,"column":18}}],"line":142},"33":{"loc":{"start":{"line":144,"column":25},"end":{"line":150,"column":null}},"type":"binary-expr","locations":[{"start":{"line":144,"column":25},"end":{"line":144,"column":52}},{"start":{"line":144,"column":52},"end":{"line":150,"column":null}}],"line":144},"34":{"loc":{"start":{"line":155,"column":8},"end":{"line":155,"column":null}},"type":"if","locations":[{"start":{"line":155,"column":8},"end":{"line":155,"column":null}},{"start":{},"end":{}}],"line":155},"35":{"loc":{"start":{"line":157,"column":8},"end":{"line":159,"column":null}},"type":"if","locations":[{"start":{"line":157,"column":8},"end":{"line":159,"column":null}},{"start":{},"end":{}}],"line":157},"36":{"loc":{"start":{"line":164,"column":10},"end":{"line":170,"column":null}},"type":"if","locations":[{"start":{"line":164,"column":10},"end":{"line":170,"column":null}},{"start":{},"end":{}}],"line":164},"37":{"loc":{"start":{"line":165,"column":12},"end":{"line":168,"column":36}},"type":"binary-expr","locations":[{"start":{"line":165,"column":12},"end":{"line":165,"column":null}},{"start":{"line":166,"column":12},"end":{"line":166,"column":32}},{"start":{"line":167,"column":12},"end":{"line":167,"column":35}},{"start":{"line":168,"column":12},"end":{"line":168,"column":36}}],"line":165},"38":{"loc":{"start":{"line":174,"column":12},"end":{"line":177,"column":null}},"type":"if","locations":[{"start":{"line":174,"column":12},"end":{"line":177,"column":null}},{"start":{"line":176,"column":23},"end":{"line":177,"column":null}}],"line":174},"39":{"loc":{"start":{"line":174,"column":16},"end":{"line":174,"column":42}},"type":"binary-expr","locations":[{"start":{"line":174,"column":16},"end":{"line":174,"column":24}},{"start":{"line":174,"column":24},"end":{"line":174,"column":42}}],"line":174},"40":{"loc":{"start":{"line":176,"column":23},"end":{"line":177,"column":null}},"type":"if","locations":[{"start":{"line":176,"column":23},"end":{"line":177,"column":null}},{"start":{},"end":{}}],"line":176},"41":{"loc":{"start":{"line":194,"column":8},"end":{"line":195,"column":null}},"type":"if","locations":[{"start":{"line":194,"column":8},"end":{"line":195,"column":null}},{"start":{},"end":{}}],"line":194},"42":{"loc":{"start":{"line":210,"column":29},"end":{"line":210,"column":62}},"type":"binary-expr","locations":[{"start":{"line":210,"column":29},"end":{"line":210,"column":60}},{"start":{"line":210,"column":60},"end":{"line":210,"column":62}}],"line":210},"43":{"loc":{"start":{"line":217,"column":4},"end":{"line":217,"column":60}},"type":"cond-expr","locations":[{"start":{"line":217,"column":30},"end":{"line":217,"column":55}},{"start":{"line":217,"column":58},"end":{"line":217,"column":60}}],"line":217},"44":{"loc":{"start":{"line":223,"column":4},"end":{"line":232,"column":null}},"type":"if","locations":[{"start":{"line":223,"column":4},"end":{"line":232,"column":null}},{"start":{},"end":{}}],"line":223},"45":{"loc":{"start":{"line":224,"column":6},"end":{"line":225,"column":null}},"type":"binary-expr","locations":[{"start":{"line":224,"column":6},"end":{"line":224,"column":26}},{"start":{"line":225,"column":6},"end":{"line":225,"column":null}}],"line":224},"46":{"loc":{"start":{"line":228,"column":6},"end":{"line":232,"column":null}},"type":"if","locations":[{"start":{"line":228,"column":6},"end":{"line":232,"column":null}},{"start":{"line":230,"column":17},"end":{"line":232,"column":null}}],"line":228},"47":{"loc":{"start":{"line":230,"column":17},"end":{"line":232,"column":null}},"type":"if","locations":[{"start":{"line":230,"column":17},"end":{"line":232,"column":null}},{"start":{},"end":{}}],"line":230},"48":{"loc":{"start":{"line":237,"column":27},"end":{"line":237,"column":58}},"type":"binary-expr","locations":[{"start":{"line":237,"column":27},"end":{"line":237,"column":56}},{"start":{"line":237,"column":56},"end":{"line":237,"column":58}}],"line":237},"49":{"loc":{"start":{"line":240,"column":4},"end":{"line":243,"column":null}},"type":"if","locations":[{"start":{"line":240,"column":4},"end":{"line":243,"column":null}},{"start":{},"end":{}}],"line":240},"50":{"loc":{"start":{"line":240,"column":8},"end":{"line":240,"column":30}},"type":"binary-expr","locations":[{"start":{"line":240,"column":8},"end":{"line":240,"column":21}},{"start":{"line":240,"column":21},"end":{"line":240,"column":30}}],"line":240},"51":{"loc":{"start":{"line":249,"column":8},"end":{"line":249,"column":null}},"type":"binary-expr","locations":[{"start":{"line":249,"column":8},"end":{"line":249,"column":30}},{"start":{"line":249,"column":30},"end":{"line":249,"column":null}}],"line":249},"52":{"loc":{"start":{"line":265,"column":2},"end":{"line":272,"column":null}},"type":"if","locations":[{"start":{"line":265,"column":2},"end":{"line":272,"column":null}},{"start":{},"end":{}}],"line":265},"53":{"loc":{"start":{"line":265,"column":6},"end":{"line":265,"column":51}},"type":"binary-expr","locations":[{"start":{"line":265,"column":6},"end":{"line":265,"column":28}},{"start":{"line":265,"column":28},"end":{"line":265,"column":51}}],"line":265},"54":{"loc":{"start":{"line":268,"column":6},"end":{"line":269,"column":null}},"type":"if","locations":[{"start":{"line":268,"column":6},"end":{"line":269,"column":null}},{"start":{},"end":{}}],"line":268},"55":{"loc":{"start":{"line":276,"column":2},"end":{"line":277,"column":null}},"type":"if","locations":[{"start":{"line":276,"column":2},"end":{"line":277,"column":null}},{"start":{},"end":{}}],"line":276},"56":{"loc":{"start":{"line":284,"column":2},"end":{"line":287,"column":null}},"type":"if","locations":[{"start":{"line":284,"column":2},"end":{"line":287,"column":null}},{"start":{},"end":{}}],"line":284},"57":{"loc":{"start":{"line":292,"column":2},"end":{"line":346,"column":null}},"type":"if","locations":[{"start":{"line":292,"column":2},"end":{"line":346,"column":null}},{"start":{},"end":{}}],"line":292},"58":{"loc":{"start":{"line":292,"column":6},"end":{"line":292,"column":33}},"type":"binary-expr","locations":[{"start":{"line":292,"column":6},"end":{"line":292,"column":20}},{"start":{"line":292,"column":20},"end":{"line":292,"column":33}}],"line":292},"59":{"loc":{"start":{"line":295,"column":6},"end":{"line":344,"column":null}},"type":"if","locations":[{"start":{"line":295,"column":6},"end":{"line":344,"column":null}},{"start":{"line":341,"column":13},"end":{"line":344,"column":null}}],"line":295},"60":{"loc":{"start":{"line":299,"column":8},"end":{"line":325,"column":null}},"type":"if","locations":[{"start":{"line":299,"column":8},"end":{"line":325,"column":null}},{"start":{"line":320,"column":17},"end":{"line":325,"column":null}}],"line":299},"61":{"loc":{"start":{"line":301,"column":10},"end":{"line":315,"column":null}},"type":"if","locations":[{"start":{"line":301,"column":10},"end":{"line":315,"column":null}},{"start":{},"end":{}}],"line":301},"62":{"loc":{"start":{"line":302,"column":12},"end":{"line":304,"column":null}},"type":"binary-expr","locations":[{"start":{"line":302,"column":12},"end":{"line":302,"column":36}},{"start":{"line":303,"column":12},"end":{"line":303,"column":37}},{"start":{"line":304,"column":12},"end":{"line":304,"column":null}}],"line":302},"63":{"loc":{"start":{"line":312,"column":12},"end":{"line":315,"column":null}},"type":"if","locations":[{"start":{"line":312,"column":12},"end":{"line":315,"column":null}},{"start":{},"end":{}}],"line":312},"64":{"loc":{"start":{"line":312,"column":16},"end":{"line":312,"column":30}},"type":"binary-expr","locations":[{"start":{"line":312,"column":16},"end":{"line":312,"column":24}},{"start":{"line":312,"column":24},"end":{"line":312,"column":30}}],"line":312},"65":{"loc":{"start":{"line":320,"column":17},"end":{"line":325,"column":null}},"type":"if","locations":[{"start":{"line":320,"column":17},"end":{"line":325,"column":null}},{"start":{},"end":{}}],"line":320},"66":{"loc":{"start":{"line":320,"column":17},"end":{"line":320,"column":68}},"type":"binary-expr","locations":[{"start":{"line":320,"column":17},"end":{"line":320,"column":47}},{"start":{"line":320,"column":51},"end":{"line":320,"column":68}}],"line":320},"67":{"loc":{"start":{"line":324,"column":10},"end":{"line":325,"column":null}},"type":"if","locations":[{"start":{"line":324,"column":10},"end":{"line":325,"column":null}},{"start":{},"end":{}}],"line":324},"68":{"loc":{"start":{"line":329,"column":26},"end":{"line":329,"column":null}},"type":"cond-expr","locations":[{"start":{"line":329,"column":51},"end":{"line":329,"column":65}},{"start":{"line":329,"column":65},"end":{"line":329,"column":null}}],"line":329},"69":{"loc":{"start":{"line":339,"column":21},"end":{"line":339,"column":42}},"type":"cond-expr","locations":[{"start":{"line":339,"column":25},"end":{"line":339,"column":38}},{"start":{"line":339,"column":38},"end":{"line":339,"column":42}}],"line":339}},"s":{"0":0,"1":219,"2":0,"3":113,"4":0,"5":74,"6":151,"7":151,"8":36,"9":115,"10":1,"11":114,"12":114,"13":89,"14":47,"15":47,"16":47,"17":17,"18":17,"19":17,"20":17,"21":17,"22":34,"23":34,"24":0,"25":0,"26":17,"27":17,"28":17,"29":17,"30":11,"31":11,"32":1,"33":3,"34":11,"35":11,"36":11,"37":11,"38":11,"39":6,"40":5,"41":5,"42":5,"43":5,"44":5,"45":5,"46":5,"47":5,"48":5,"49":0,"50":17,"51":16,"52":16,"53":16,"54":16,"55":0,"56":16,"57":17,"58":1,"59":46,"60":5,"61":46,"62":113,"63":0,"64":9,"65":9,"66":117,"67":49,"68":49,"69":5,"70":5,"71":68,"72":0,"73":68,"74":61,"75":9,"76":9,"77":9,"78":9,"79":9,"80":9,"81":9,"82":9,"83":9,"84":9,"85":45,"86":45,"87":45,"88":36,"89":9,"90":9,"91":0,"92":0,"93":9,"94":9,"95":99,"96":0,"97":99,"98":99,"99":99,"100":99,"101":0,"102":99,"103":99,"104":9,"105":9,"106":9,"107":45,"108":9,"109":99,"110":99,"111":99,"112":99,"113":54,"114":279,"115":9,"116":0,"117":0,"118":0,"119":5,"120":0,"121":0,"122":10,"123":10,"124":10,"125":10,"126":5,"127":5,"128":5,"129":5,"130":10,"131":10,"132":11,"133":1,"134":10,"135":10,"136":10,"137":10,"138":10,"139":10,"140":10,"141":10,"142":9,"143":9,"144":3030,"145":50,"146":9,"147":9,"148":9,"149":9,"150":9,"151":9,"152":9,"153":5,"154":5,"155":7,"156":7,"157":6,"158":16,"159":16,"160":15,"161":15,"162":5,"163":5,"164":5,"165":5,"166":5,"167":5,"168":5,"169":5,"170":5,"171":5,"172":10,"173":5,"174":5,"175":5,"176":15,"177":15,"178":30,"179":1,"180":7,"181":7,"182":16,"183":7,"184":7,"185":7,"186":7,"187":7},"f":{"0":219,"1":113,"2":74,"3":151,"4":47,"5":3,"6":9,"7":117,"8":5,"9":45,"10":99,"11":45,"12":99,"13":279,"14":0,"15":5,"16":10,"17":11,"18":3030,"19":5,"20":16,"21":30,"22":16},"b":{"0":[219,212,97],"1":[74],"2":[74],"3":[36,115],"4":[1,114],"5":[115,115],"6":[89,25],"7":[114,114],"8":[17,30],"9":[17,0],"10":[17,17],"11":[34,0],"12":[34,34],"13":[17,0],"14":[11,6],"15":[1,10],"16":[11,0],"17":[11,0],"18":[5,1],"19":[6,1],"20":[5,0],"21":[5,0],"22":[5,0],"23":[16,1],"24":[16,0],"25":[1,16],"26":[5,41],"27":[49,68],"28":[5,44],"29":[0,68],"30":[61,7],"31":[9,0],"32":[9,9],"33":[9,9],"34":[36,9],"35":[0,9],"36":[0,99],"37":[99,99,99,99],"38":[0,99],"39":[99,99],"40":[99,0],"41":[54,45],"42":[0,5],"43":[5,5],"44":[10,0],"45":[10,10],"46":[5,5],"47":[5,0],"48":[10,4],"49":[1,10],"50":[11,10],"51":[10,2],"52":[9,1],"53":[10,9],"54":[50,2980],"55":[9,0],"56":[5,4],"57":[6,1],"58":[7,6],"59":[15,1],"60":[5,10],"61":[5,0],"62":[5,5,5],"63":[5,0],"64":[5,5],"65":[5,5],"66":[10,5],"67":[5,0],"68":[10,5],"69":[15,15]},"meta":{"lastBranch":70,"lastFunction":23,"lastStatement":188,"seen":{"s:3:6:4:Infinity":0,"f:3:6:3:18":0,"s:4:2:4:Infinity":1,"b:4:9:4:19:4:19:4:47:4:47:4:67":0,"s:7:6:7:Infinity":2,"f:7:6:7:18":1,"s:7:37:7:Infinity":3,"s:9:6:100:Infinity":4,"f:9:6:9:Infinity":2,"b:11:21:11:23":1,"b:12:16:12:Infinity":2,"s:16:2:100:Infinity":5,"f:16:29:16:37":3,"s:17:20:17:36":6,"b:19:4:20:Infinity:undefined:undefined:undefined:undefined":3,"s:19:4:20:Infinity":7,"s:20:6:20:Infinity":8,"b:23:4:26:Infinity:undefined:undefined:undefined:undefined":4,"s:23:4:26:Infinity":9,"b:23:8:23:37:23:37:23:57":5,"s:24:6:26:Infinity":10,"s:29:21:29:Infinity":11,"b:30:4:96:Infinity:undefined:undefined:undefined:undefined":6,"s:30:4:96:Infinity":12,"b:30:8:30:37:30:37:30:56":7,"s:31:6:96:Infinity":13,"f:32:8:32:Infinity":4,"s:34:25:34:Infinity":14,"s:35:23:35:Infinity":15,"b:36:10:88:Infinity:undefined:undefined:undefined:undefined":8,"s:36:10:88:Infinity":16,"s:37:31:37:Infinity":17,"b:38:12:83:Infinity:undefined:undefined:undefined:undefined":9,"s:38:12:83:Infinity":18,"b:38:16:38:30:38:30:38:44":10,"s:39:28:39:50":19,"s:40:33:40:Infinity":20,"s:41:14:43:Infinity":21,"b:42:16:43:Infinity:43:21:43:Infinity":11,"s:42:16:43:Infinity":22,"b:42:20:42:31:42:31:42:60":12,"s:42:60:42:Infinity":23,"s:43:23:43:44":24,"s:43:44:43:Infinity":25,"b:45:14:83:Infinity:undefined:undefined:undefined:undefined":13,"s:45:14:83:Infinity":26,"s:46:26:46:Infinity":27,"s:47:53:47:Infinity":28,"b:49:16:69:Infinity:58:27:69:Infinity":14,"s:49:16:69:Infinity":29,"s:50:28:50:48":30,"b:51:18:51:Infinity:undefined:undefined:undefined:undefined":15,"s:51:18:51:Infinity":31,"s:51:40:51:Infinity":32,"f:51:60:51:64":5,"s:51:69:51:75":33,"b:52:18:56:Infinity:undefined:undefined:undefined:undefined":16,"s:52:18:56:Infinity":34,"b:52:22:52:42:52:42:52:60":17,"s:53:30:53:59":35,"s:54:30:54:59":36,"s:55:30:55:59":37,"s:56:20:56:Infinity":38,"b:58:27:69:Infinity:undefined:undefined:undefined:undefined":18,"s:58:27:69:Infinity":39,"b:58:27:58:52:58:56:58:81":19,"s:59:32:59:Infinity":40,"b:60:18:69:Infinity:undefined:undefined:undefined:undefined":20,"s:60:18:69:Infinity":41,"s:61:34:61:71":42,"b:62:20:69:Infinity:undefined:undefined:undefined:undefined":21,"s:62:20:69:Infinity":43,"s:63:34:63:Infinity":44,"s:64:34:64:Infinity":45,"s:65:34:65:Infinity":46,"b:66:23:69:Infinity:68:30:69:Infinity":22,"s:66:23:69:Infinity":47,"s:67:25:67:Infinity":48,"s:69:25:69:Infinity":49,"b:75:16:83:Infinity:undefined:undefined:undefined:undefined":23,"s:75:16:83:Infinity":50,"b:76:18:81:Infinity:80:25:81:Infinity":24,"s:76:18:81:Infinity":51,"s:77:42:77:Infinity":52,"s:78:20:78:Infinity":53,"s:79:20:79:Infinity":54,"s:81:20:81:Infinity":55,"s:83:18:83:Infinity":56,"b:87:12:88:Infinity:undefined:undefined:undefined:undefined":25,"s:87:12:88:Infinity":57,"s:88:14:88:Infinity":58,"b:91:10:92:Infinity:undefined:undefined:undefined:undefined":26,"s:91:10:92:Infinity":59,"s:92:12:92:Infinity":60,"s:94:10:94:Infinity":61,"s:99:4:99:Infinity":62,"s:103:6:201:Infinity":63,"f:103:6:103:Infinity":6,"s:106:15:106:32":64,"s:108:8:115:Infinity":65,"f:108:8:108:19":7,"b:109:4:115:Infinity:112:15:115:Infinity":27,"s:109:4:115:Infinity":66,"s:110:20:110:58":67,"b:111:6:111:Infinity:undefined:undefined:undefined:undefined":28,"s:111:6:111:Infinity":68,"s:111:17:111:Infinity":69,"f:111:23:111:31":8,"s:111:36:111:68":70,"b:112:15:115:Infinity:114:15:115:Infinity":29,"s:112:15:115:Infinity":71,"s:113:6:113:Infinity":72,"b:114:15:115:Infinity:undefined:undefined:undefined:undefined":30,"s:114:15:115:Infinity":73,"s:115:6:115:Infinity":74,"s:119:2:119:Infinity":75,"s:120:2:120:Infinity":76,"s:121:2:121:Infinity":77,"s:137:2:140:Infinity":78,"s:138:4:138:Infinity":79,"s:139:4:139:Infinity":80,"b:142:2:198:Infinity:undefined:undefined:undefined:undefined":31,"s:142:2:198:Infinity":81,"b:142:6:142:12:142:12:142:18":32,"s:143:16:143:29":82,"s:144:25:150:Infinity":83,"b:144:25:144:52:144:52:150:Infinity":33,"s:152:10:182:Infinity":84,"f:152:10:152:22":9,"s:153:30:153:32":85,"s:154:6:181:Infinity":86,"b:155:8:155:Infinity:undefined:undefined:undefined:undefined":34,"s:155:8:155:Infinity":87,"s:155:33:155:Infinity":88,"s:156:21:156:37":89,"b:157:8:159:Infinity:undefined:undefined:undefined:undefined":35,"s:157:8:159:Infinity":90,"s:158:10:158:Infinity":91,"s:159:10:159:Infinity":92,"s:162:21:162:40":93,"s:163:8:180:Infinity":94,"f:163:13:163:22":10,"b:164:10:170:Infinity:undefined:undefined:undefined:undefined":36,"s:164:10:170:Infinity":95,"b:165:12:165:Infinity:166:12:166:32:167:12:167:35:168:12:168:36":37,"s:170:12:170:Infinity":96,"s:171:27:171:47":97,"s:172:10:179:Infinity":98,"s:173:25:173:46":99,"b:174:12:177:Infinity:176:23:177:Infinity":38,"s:174:12:177:Infinity":100,"b:174:16:174:24:174:24:174:42":39,"s:175:14:175:Infinity":101,"b:176:23:177:Infinity:undefined:undefined:undefined:undefined":40,"s:176:23:177:Infinity":102,"s:177:14:177:Infinity":103,"s:182:6:182:Infinity":104,"s:185:34:185:36":105,"s:186:4:188:Infinity":106,"f:186:17:186:26":11,"s:187:6:187:Infinity":107,"s:190:4:198:Infinity":108,"f:190:16:190:24":12,"s:191:6:197:Infinity":109,"s:192:24:192:53":110,"s:193:24:193:64":111,"b:194:8:195:Infinity:undefined:undefined:undefined:undefined":41,"s:194:8:195:Infinity":112,"s:195:10:195:Infinity":113,"f:195:18:195:27":13,"s:195:41:195:73":114,"s:201:2:201:Infinity":115,"s:204:13:363:Infinity":116,"f:204:13:204:Infinity":14,"s:210:29:210:62":117,"b:210:29:210:60:210:60:210:62":42,"s:212:34:213:Infinity":118,"f:212:66:212:Infinity":15,"s:213:11:213:Infinity":119,"s:217:4:217:60":120,"b:217:30:217:55:217:58:217:60":43,"s:219:2:235:Infinity":121,"f:219:37:219:46":16,"s:220:4:220:Infinity":122,"b:223:4:232:Infinity:undefined:undefined:undefined:undefined":44,"s:223:4:232:Infinity":123,"b:224:6:224:26:225:6:225:Infinity":45,"s:227:21:227:Infinity":124,"b:228:6:232:Infinity:230:17:232:Infinity":46,"s:228:6:232:Infinity":125,"s:229:8:229:Infinity":126,"b:230:17:232:Infinity:undefined:undefined:undefined:undefined":47,"s:230:17:232:Infinity":127,"s:231:20:231:38":128,"s:232:8:232:Infinity":129,"s:237:27:237:58":130,"b:237:27:237:56:237:56:237:58":48,"s:239:2:245:Infinity":131,"f:239:19:239:28":17,"b:240:4:243:Infinity:undefined:undefined:undefined:undefined":49,"s:240:4:243:Infinity":132,"b:240:8:240:21:240:21:240:30":50,"s:241:6:243:Infinity":133,"s:247:21:250:Infinity":134,"b:249:8:249:30:249:30:249:Infinity":51,"s:252:20:252:Infinity":135,"s:253:16:253:Infinity":136,"s:254:21:254:Infinity":137,"s:256:53:256:55":138,"s:258:20:259:Infinity":139,"s:261:27:261:44":140,"b:265:2:272:Infinity:undefined:undefined:undefined:undefined":52,"s:265:2:272:Infinity":141,"b:265:6:265:28:265:28:265:51":53,"s:266:50:266:52":142,"s:267:4:271:Infinity":143,"f:267:42:267:51":18,"b:268:6:269:Infinity:undefined:undefined:undefined:undefined":54,"s:268:6:269:Infinity":144,"s:269:8:269:Infinity":145,"s:272:4:272:Infinity":146,"s:275:20:275:Infinity":147,"b:276:2:277:Infinity:undefined:undefined:undefined:undefined":55,"s:276:2:277:Infinity":148,"s:277:4:277:Infinity":149,"s:280:2:280:Infinity":150,"s:283:21:283:Infinity":151,"b:284:2:287:Infinity:undefined:undefined:undefined:undefined":56,"s:284:2:287:Infinity":152,"s:285:4:287:Infinity":153,"f:285:26:285:35":19,"s:286:6:286:Infinity":154,"s:291:26:291:Infinity":155,"b:292:2:346:Infinity:undefined:undefined:undefined:undefined":57,"s:292:2:346:Infinity":156,"b:292:6:292:20:292:20:292:33":58,"s:293:4:346:Infinity":157,"f:293:31:293:40":20,"s:294:20:294:Infinity":158,"b:295:6:344:Infinity:341:13:344:Infinity":59,"s:295:6:344:Infinity":159,"s:296:25:296:Infinity":160,"b:299:8:325:Infinity:320:17:325:Infinity":60,"s:299:8:325:Infinity":161,"s:300:32:300:55":162,"b:301:10:315:Infinity:undefined:undefined:undefined:undefined":61,"s:301:10:315:Infinity":163,"b:302:12:302:36:303:12:303:37:304:12:304:Infinity":62,"s:306:25:306:Infinity":164,"s:307:25:307:Infinity":165,"s:309:25:309:Infinity":166,"s:310:25:310:Infinity":167,"b:312:12:315:Infinity:undefined:undefined:undefined:undefined":63,"s:312:12:315:Infinity":168,"b:312:16:312:24:312:24:312:30":64,"s:313:27:313:43":169,"s:314:27:314:43":170,"s:315:14:315:Infinity":171,"b:320:17:325:Infinity:undefined:undefined:undefined:undefined":65,"s:320:17:325:Infinity":172,"b:320:17:320:47:320:51:320:68":66,"s:321:26:323:Infinity":173,"b:324:10:325:Infinity:undefined:undefined:undefined:undefined":67,"s:324:10:325:Infinity":174,"s:325:12:325:Infinity":175,"s:329:26:329:Infinity":176,"b:329:51:329:65:329:65:329:Infinity":68,"s:331:8:340:Infinity":177,"f:339:11:339:15":21,"s:339:21:339:42":178,"b:339:25:339:38:339:38:339:42":69,"s:342:8:344:Infinity":179,"s:350:16:350:Infinity":180,"s:351:2:353:Infinity":181,"f:351:37:351:46":22,"s:352:4:352:Infinity":182,"s:354:2:354:Infinity":183,"s:355:2:355:Infinity":184,"s:356:2:356:Infinity":185,"s:357:2:357:Infinity":186,"s:359:2:363:Infinity":187}}}
,"/Users/tammyhart/Documents/projects/grammar-style/src/defaults.ts": {"path":"/Users/tammyhart/Documents/projects/grammar-style/src/defaults.ts","statementMap":{"0":{"start":{"line":19,"column":6},"end":{"line":32,"column":null}},"1":{"start":{"line":20,"column":40},"end":{"line":20,"column":42}},"2":{"start":{"line":22,"column":35},"end":{"line":22,"column":null}},"3":{"start":{"line":23,"column":2},"end":{"line":24,"column":null}},"4":{"start":{"line":24,"column":4},"end":{"line":24,"column":null}},"5":{"start":{"line":28,"column":2},"end":{"line":29,"column":null}},"6":{"start":{"line":28,"column":15},"end":{"line":28,"column":19}},"7":{"start":{"line":29,"column":4},"end":{"line":29,"column":null}},"8":{"start":{"line":32,"column":2},"end":{"line":32,"column":null}},"9":{"start":{"line":35,"column":28},"end":{"line":35,"column":43}},"10":{"start":{"line":37,"column":31},"end":{"line":43,"column":null}},"11":{"start":{"line":53,"column":6},"end":{"line":65,"column":null}},"12":{"start":{"line":54,"column":38},"end":{"line":54,"column":60}},"13":{"start":{"line":56,"column":2},"end":{"line":61,"column":null}},"14":{"start":{"line":57,"column":4},"end":{"line":61,"column":null}},"15":{"start":{"line":58,"column":6},"end":{"line":58,"column":null}},"16":{"start":{"line":59,"column":15},"end":{"line":61,"column":null}},"17":{"start":{"line":60,"column":18},"end":{"line":60,"column":35}},"18":{"start":{"line":61,"column":6},"end":{"line":61,"column":null}},"19":{"start":{"line":65,"column":2},"end":{"line":65,"column":null}},"20":{"start":{"line":68,"column":34},"end":{"line":68,"column":55}},"21":{"start":{"line":73,"column":28},"end":{"line":73,"column":45}},"22":{"start":{"line":76,"column":32},"end":{"line":83,"column":null}}},"fnMap":{"0":{"name":"(anonymous_0)","decl":{"start":{"line":19,"column":6},"end":{"line":19,"column":28}},"loc":{"start":{"line":19,"column":28},"end":{"line":32,"column":null}},"line":19},"1":{"name":"(anonymous_1)","decl":{"start":{"line":53,"column":6},"end":{"line":53,"column":34}},"loc":{"start":{"line":53,"column":34},"end":{"line":65,"column":null}},"line":53}},"branchMap":{"0":{"loc":{"start":{"line":57,"column":4},"end":{"line":61,"column":null}},"type":"if","locations":[{"start":{"line":57,"column":4},"end":{"line":61,"column":null}},{"start":{"line":59,"column":15},"end":{"line":61,"column":null}}],"line":57},"1":{"loc":{"start":{"line":59,"column":15},"end":{"line":61,"column":null}},"type":"if","locations":[{"start":{"line":59,"column":15},"end":{"line":61,"column":null}},{"start":{},"end":{}}],"line":59}},"s":{"0":746,"1":1,"2":2,"3":2,"4":18,"5":2,"6":2,"7":1492,"8":2,"9":1,"10":1,"11":5,"12":0,"13":0,"14":0,"15":10,"16":0,"17":0,"18":0,"19":2,"20":1,"21":1,"22":1},"f":{"0":746,"1":0},"b":{"0":[10,0],"1":[0,0]},"meta":{"lastBranch":2,"lastFunction":2,"lastStatement":23,"seen":{"s:19:6:32:Infinity":0,"f:19:6:19:28":0,"s:20:40:20:42":1,"s:22:35:22:Infinity":2,"s:23:2:24:Infinity":3,"s:24:4:24:Infinity":4,"s:28:2:29:Infinity":5,"s:28:15:28:19":6,"s:29:4:29:Infinity":7,"s:32:2:32:Infinity":8,"s:35:28:35:43":9,"s:37:31:43:Infinity":10,"s:53:6:65:Infinity":11,"f:53:6:53:34":1,"s:54:38:54:60":12,"s:56:2:61:Infinity":13,"b:57:4:61:Infinity:59:15:61:Infinity":0,"s:57:4:61:Infinity":14,"s:58:6:58:Infinity":15,"b:59:15:61:Infinity:undefined:undefined:undefined:undefined":1,"s:59:15:61:Infinity":16,"s:60:18:60:35":17,"s:61:6:61:Infinity":18,"s:65:2:65:Infinity":19,"s:68:34:68:55":20,"s:73:28:73:45":21,"s:76:32:83:Infinity":22}}}
,"/Users/tammyhart/Documents/projects/grammar-style/src/index.ts": {"path":"/Users/tammyhart/Documents/projects/grammar-style/src/index.ts","statementMap":{"0":{"start":{"line":11,"column":2},"end":{"line":11,"column":null}}},"fnMap":{"0":{"name":"defineGrammar","decl":{"start":{"line":7,"column":16},"end":{"line":7,"column":null}},"loc":{"start":{"line":10,"column":109},"end":{"line":11,"column":null}},"line":10}},"branchMap":{},"s":{"0":1},"f":{"0":1},"b":{},"meta":{"lastBranch":0,"lastFunction":1,"lastStatement":1,"seen":{"f:7:16:7:Infinity":0,"s:11:2:11:Infinity":0}}}
,"/Users/tammyhart/Documents/projects/grammar-style/src/token.ts": {"path":"/Users/tammyhart/Documents/projects/grammar-style/src/token.ts","statementMap":{"0":{"start":{"line":3,"column":6},"end":{"line":9,"column":null}},"1":{"start":{"line":4,"column":2},"end":{"line":4,"column":null}},"2":{"start":{"line":4,"column":13},"end":{"line":4,"column":null}},"3":{"start":{"line":7,"column":20},"end":{"line":7,"column":55}},"4":{"start":{"line":9,"column":2},"end":{"line":9,"column":null}}},"fnMap":{"0":{"name":"(anonymous_0)","decl":{"start":{"line":3,"column":6},"end":{"line":3,"column":15}},"loc":{"start":{"line":3,"column":43},"end":{"line":9,"column":null}},"line":3}},"branchMap":{"0":{"loc":{"start":{"line":4,"column":2},"end":{"line":4,"column":null}},"type":"if","locations":[{"start":{"line":4,"column":2},"end":{"line":4,"column":null}},{"start":{},"end":{}}],"line":4}},"s":{"0":1,"1":1,"2":1,"3":5,"4":5},"f":{"0":1},"b":{"0":[1,0]},"meta":{"lastBranch":1,"lastFunction":1,"lastStatement":5,"seen":{"s:3:6:9:Infinity":0,"f:3:6:3:15":0,"b:4:2:4:Infinity:undefined:undefined:undefined:undefined":0,"s:4:2:4:Infinity":1,"s:4:13:4:Infinity":2,"s:7:20:7:55":3,"s:9:2:9:Infinity":4}}}
}
